{
  "stats": {
    "suites": 3,
    "tests": 16,
    "passes": 16,
    "pending": 0,
    "failures": 0,
    "start": "2025-04-22T12:37:26.656Z",
    "end": "2025-04-22T12:43:00.346Z",
    "duration": 333690,
    "testsRegistered": 16,
    "passPercent": 100,
    "pendingPercent": 0,
    "other": 0,
    "hasOther": false,
    "skipped": 0,
    "hasSkipped": false
  },
  "results": [
    {
      "uuid": "d7bca59e-f1e6-45df-bd1c-3f88ad5ef447",
      "title": "",
      "fullFile": "",
      "file": "",
      "beforeHooks": [],
      "afterHooks": [],
      "tests": [],
      "suites": [
        {
          "uuid": "27ae1a10-941a-4732-a31c-f61532603d9b",
          "title": "eTraining Filter Tests",
          "fullFile": "C:\\Users\\nurka\\Documents\\TAA\\TA e-training\\testing\\filter.js",
          "file": "\\testing\\filter.js",
          "beforeHooks": [
            {
              "title": "\"before each\" hook in \"eTraining Filter Tests\"",
              "fullTitle": "eTraining Filter Tests \"before each\" hook in \"eTraining Filter Tests\"",
              "timedOut": false,
              "duration": 14604,
              "state": null,
              "speed": null,
              "pass": false,
              "fail": false,
              "pending": false,
              "context": null,
              "code": "driver = await new Builder().forBrowser('chrome').build();\nawait driver.get('https://training.qiteplanguage.org/course');",
              "err": {},
              "uuid": "57944da4-bd05-4d88-be83-ef5c3917abc3",
              "parentUUID": "27ae1a10-941a-4732-a31c-f61532603d9b",
              "isHook": true,
              "skipped": false
            }
          ],
          "afterHooks": [
            {
              "title": "\"after each\" hook in \"eTraining Filter Tests\"",
              "fullTitle": "eTraining Filter Tests \"after each\" hook in \"eTraining Filter Tests\"",
              "timedOut": false,
              "duration": 1126,
              "state": null,
              "speed": null,
              "pass": false,
              "fail": false,
              "pending": false,
              "context": null,
              "code": "if (driver) {\n    try {\n        const testTitle = this.currentTest.title.replace(/\\s+/g, '_');\n        const screenshotsDir = path.resolve(__dirname, '../mochawesome-report/screenshot/filter');\n        const screenshotPath = path.join(screenshotsDir, `${testTitle}.png`);\n        fs.mkdirSync(screenshotsDir, { recursive: true });\n        const screenshot = await driver.takeScreenshot();\n        fs.writeFileSync(screenshotPath, screenshot, 'base64');\n        addContext(this, {\n            title: 'Screenshot',\n            value: `../screenshots/${testTitle}.png`\n        });\n    } catch (err) {\n        console.error('Error taking screenshot:', err.message);\n    } finally {\n        await driver.quit();\n    }\n}",
              "err": {},
              "uuid": "dfc2ac82-78e1-4ad9-9013-ec50cc1636a8",
              "parentUUID": "27ae1a10-941a-4732-a31c-f61532603d9b",
              "isHook": true,
              "skipped": false
            }
          ],
          "tests": [
            {
              "title": "FILTERTC001 - Leave all fields empty and click search",
              "fullTitle": "eTraining Filter Tests FILTERTC001 - Leave all fields empty and click search",
              "timedOut": false,
              "duration": 3287,
              "state": "passed",
              "speed": "slow",
              "pass": true,
              "fail": false,
              "pending": false,
              "context": "{\n  \"title\": \"Screenshot\",\n  \"value\": \"../screenshots/FILTERTC001_-_Leave_all_fields_empty_and_click_search.png\"\n}",
              "code": "const searchButton = await driver.findElement(By.css('button[type=\"submit\"]'));\nawait searchButton.click();\nawait driver.sleep(3000);",
              "err": {},
              "uuid": "13e5ea85-de65-4dd9-b986-4a47db7e293c",
              "parentUUID": "27ae1a10-941a-4732-a31c-f61532603d9b",
              "isHook": false,
              "skipped": false
            },
            {
              "title": "FILTERTC002 - Fill in title only",
              "fullTitle": "eTraining Filter Tests FILTERTC002 - Fill in title only",
              "timedOut": false,
              "duration": 4150,
              "state": "passed",
              "speed": "slow",
              "pass": true,
              "fail": false,
              "pending": false,
              "context": "{\n  \"title\": \"Screenshot\",\n  \"value\": \"../screenshots/FILTERTC002_-_Fill_in_title_only.png\"\n}",
              "code": "const titleInput = await driver.findElement(By.name('pencarian'));\nawait titleInput.sendKeys('Pelatihan');\nconst searchButton = await driver.findElement(By.css('button[type=\"submit\"]'));\nawait searchButton.click();\nawait driver.sleep(3000);",
              "err": {},
              "uuid": "2fdc4266-3c47-4ce9-ba52-40d5adec79c7",
              "parentUUID": "27ae1a10-941a-4732-a31c-f61532603d9b",
              "isHook": false,
              "skipped": false
            },
            {
              "title": "FILTERTC003 - Filter by year and course type",
              "fullTitle": "eTraining Filter Tests FILTERTC003 - Filter by year and course type",
              "timedOut": false,
              "duration": 3810,
              "state": "passed",
              "speed": "slow",
              "pass": true,
              "fail": false,
              "pending": false,
              "context": "{\n  \"title\": \"Screenshot\",\n  \"value\": \"../screenshots/FILTERTC003_-_Filter_by_year_and_course_type.png\"\n}",
              "code": "await driver.findElement(By.name('year')).sendKeys('2023');\nawait driver.findElement(By.name('kegiatan')).sendKeys('Mentorship');\nawait driver.findElement(By.css('button[type=\"submit\"]')).click();\nawait driver.sleep(3000);",
              "err": {},
              "uuid": "79d15ad7-3a31-4e24-bd9e-78ff206e8bd6",
              "parentUUID": "27ae1a10-941a-4732-a31c-f61532603d9b",
              "isHook": false,
              "skipped": false
            },
            {
              "title": "FILTERTC004 - Filter by month and course type",
              "fullTitle": "eTraining Filter Tests FILTERTC004 - Filter by month and course type",
              "timedOut": false,
              "duration": 3703,
              "state": "passed",
              "speed": "slow",
              "pass": true,
              "fail": false,
              "pending": false,
              "context": "{\n  \"title\": \"Screenshot\",\n  \"value\": \"../screenshots/FILTERTC004_-_Filter_by_month_and_course_type.png\"\n}",
              "code": "await driver.findElement(By.name('month')).sendKeys('September');\nawait driver.findElement(By.name('kegiatan')).sendKeys('Workshop');\nawait driver.findElement(By.css('button[type=\"submit\"]')).click();\nawait driver.sleep(3000);",
              "err": {},
              "uuid": "992cd61a-1133-48ab-a7cb-7ffd55fca413",
              "parentUUID": "27ae1a10-941a-4732-a31c-f61532603d9b",
              "isHook": false,
              "skipped": false
            },
            {
              "title": "FILTERTC005 - Fill in all fields",
              "fullTitle": "eTraining Filter Tests FILTERTC005 - Fill in all fields",
              "timedOut": false,
              "duration": 3907,
              "state": "passed",
              "speed": "slow",
              "pass": true,
              "fail": false,
              "pending": false,
              "context": "{\n  \"title\": \"Screenshot\",\n  \"value\": \"../screenshots/FILTERTC005_-_Fill_in_all_fields.png\"\n}",
              "code": "await driver.findElement(By.name('pencarian')).sendKeys('Lokakarya');\nawait driver.findElement(By.name('month')).sendKeys('September');\nawait driver.findElement(By.name('year')).sendKeys('2024');\nawait driver.findElement(By.name('kegiatan')).sendKeys('Workshop');\nawait driver.findElement(By.css('button[type=\"submit\"]')).click();\nawait driver.sleep(3000);",
              "err": {},
              "uuid": "d30d7c43-1af3-4be7-8ec5-a211daead207",
              "parentUUID": "27ae1a10-941a-4732-a31c-f61532603d9b",
              "isHook": false,
              "skipped": false
            },
            {
              "title": "FILTERTC006 - Use special characters in title",
              "fullTitle": "eTraining Filter Tests FILTERTC006 - Use special characters in title",
              "timedOut": false,
              "duration": 3586,
              "state": "passed",
              "speed": "slow",
              "pass": true,
              "fail": false,
              "pending": false,
              "context": "{\n  \"title\": \"Screenshot\",\n  \"value\": \"../screenshots/FILTERTC006_-_Use_special_characters_in_title.png\"\n}",
              "code": "await driver.findElement(By.name('pencarian')).sendKeys('Lokakarya#!');\nawait driver.findElement(By.css('button[type=\"submit\"]')).click();\nawait driver.sleep(3000);",
              "err": {},
              "uuid": "c1273217-1eff-4bed-bf72-a9906c45c729",
              "parentUUID": "27ae1a10-941a-4732-a31c-f61532603d9b",
              "isHook": false,
              "skipped": false
            }
          ],
          "suites": [],
          "passes": [
            "13e5ea85-de65-4dd9-b986-4a47db7e293c",
            "2fdc4266-3c47-4ce9-ba52-40d5adec79c7",
            "79d15ad7-3a31-4e24-bd9e-78ff206e8bd6",
            "992cd61a-1133-48ab-a7cb-7ffd55fca413",
            "d30d7c43-1af3-4be7-8ec5-a211daead207",
            "c1273217-1eff-4bed-bf72-a9906c45c729"
          ],
          "failures": [],
          "pending": [],
          "skipped": [],
          "duration": 22443,
          "root": false,
          "rootEmpty": false,
          "_timeout": 100000
        },
        {
          "uuid": "430a4fae-fba4-48fe-8c96-b5e006249b46",
          "title": "eTraining Login Tests",
          "fullFile": "C:\\Users\\nurka\\Documents\\TAA\\TA e-training\\testing\\login.js",
          "file": "\\testing\\login.js",
          "beforeHooks": [
            {
              "title": "\"before each\" hook in \"eTraining Login Tests\"",
              "fullTitle": "eTraining Login Tests \"before each\" hook in \"eTraining Login Tests\"",
              "timedOut": false,
              "duration": 9609,
              "state": null,
              "speed": null,
              "pass": false,
              "fail": false,
              "pending": false,
              "context": null,
              "code": "driver = await new Builder().forBrowser('chrome').build();\nawait driver.get('https://training.qiteplanguage.org/signin');",
              "err": {},
              "uuid": "644a186e-3753-4d21-95d6-7920261ee3a3",
              "parentUUID": "430a4fae-fba4-48fe-8c96-b5e006249b46",
              "isHook": true,
              "skipped": false
            }
          ],
          "afterHooks": [
            {
              "title": "\"after each\" hook in \"eTraining Login Tests\"",
              "fullTitle": "eTraining Login Tests \"after each\" hook in \"eTraining Login Tests\"",
              "timedOut": false,
              "duration": 10596,
              "state": null,
              "speed": null,
              "pass": false,
              "fail": false,
              "pending": false,
              "context": null,
              "code": "if (driver) {\n    const screenshotsDir = '../mochawesome-report/screenshot/login';\n    if (!fs.existsSync(screenshotsDir)) {\n        fs.mkdirSync(screenshotsDir, { recursive: true });\n    }\n    const testTitle = this.currentTest.title.replace(/\\s+/g, '_');\n    const screenshotPath = path.join(screenshotsDir, `${testTitle}.png`);\n    const screenshot = await driver.takeScreenshot();\n    fs.writeFileSync(screenshotPath, screenshot, 'base64');\n    addContext(this, {\n        title: 'Screenshot',\n        value: screenshotPath\n    });\n    await driver.sleep(3000);\n    await driver.quit();\n}",
              "err": {},
              "uuid": "9ff872c7-b18f-4a74-8e07-25e1d1f0e3be",
              "parentUUID": "430a4fae-fba4-48fe-8c96-b5e006249b46",
              "isHook": true,
              "skipped": false
            }
          ],
          "tests": [
            {
              "title": "LOGINTC001 - Successful Login",
              "fullTitle": "eTraining Login Tests LOGINTC001 - Successful Login",
              "timedOut": false,
              "duration": 14833,
              "state": "passed",
              "speed": "slow",
              "pass": true,
              "fail": false,
              "pending": false,
              "context": "{\n  \"title\": \"Screenshot\",\n  \"value\": \"..\\\\mochawesome-report\\\\screenshot\\\\login\\\\LOGINTC001_-_Successful_Login.png\"\n}",
              "code": "await fillLoginForm(process.env.EMAIL, process.env.PASSWORD);\nawait clickLoginButton();\nawait driver.sleep(3000);",
              "err": {},
              "uuid": "ac50c5b8-aa6d-4764-a3f2-a89cd73a75d7",
              "parentUUID": "430a4fae-fba4-48fe-8c96-b5e006249b46",
              "isHook": false,
              "skipped": false
            },
            {
              "title": "LOGINTC002 - Registered Email but Incorrect Password",
              "fullTitle": "eTraining Login Tests LOGINTC002 - Registered Email but Incorrect Password",
              "timedOut": false,
              "duration": 4570,
              "state": "passed",
              "speed": "slow",
              "pass": true,
              "fail": false,
              "pending": false,
              "context": "{\n  \"title\": \"Screenshot\",\n  \"value\": \"..\\\\mochawesome-report\\\\screenshot\\\\login\\\\LOGINTC002_-_Registered_Email_but_Incorrect_Password.png\"\n}",
              "code": "await fillLoginForm(process.env.EMAIL, 'Tesselenium123');\nawait clickLoginButton();\nawait driver.sleep(3000);",
              "err": {},
              "uuid": "3e8a4470-4299-48d2-b505-e7a3087462ce",
              "parentUUID": "430a4fae-fba4-48fe-8c96-b5e006249b46",
              "isHook": false,
              "skipped": false
            },
            {
              "title": "LOGINTC003 - Invalid Email Format",
              "fullTitle": "eTraining Login Tests LOGINTC003 - Invalid Email Format",
              "timedOut": false,
              "duration": 4775,
              "state": "passed",
              "speed": "slow",
              "pass": true,
              "fail": false,
              "pending": false,
              "context": "{\n  \"title\": \"Screenshot\",\n  \"value\": \"..\\\\mochawesome-report\\\\screenshot\\\\login\\\\LOGINTC003_-_Invalid_Email_Format.png\"\n}",
              "code": "await fillLoginForm('seleniumtes123@gmaillll.com', process.env.PASSWORD);\nawait clickLoginButton();\nawait driver.sleep(3000);",
              "err": {},
              "uuid": "69981ebc-b223-40d9-806d-e946f0510268",
              "parentUUID": "430a4fae-fba4-48fe-8c96-b5e006249b46",
              "isHook": false,
              "skipped": false
            },
            {
              "title": "LOGINTC004 - Empty Email and Password Fields",
              "fullTitle": "eTraining Login Tests LOGINTC004 - Empty Email and Password Fields",
              "timedOut": false,
              "duration": 3993,
              "state": "passed",
              "speed": "slow",
              "pass": true,
              "fail": false,
              "pending": false,
              "context": "{\n  \"title\": \"Screenshot\",\n  \"value\": \"..\\\\mochawesome-report\\\\screenshot\\\\login\\\\LOGINTC004_-_Empty_Email_and_Password_Fields.png\"\n}",
              "code": "await fillLoginForm('', '');\nawait clickLoginButton();\nawait driver.sleep(3000);",
              "err": {},
              "uuid": "95d37ac2-451a-41e0-a6a1-4811ee4f7a80",
              "parentUUID": "430a4fae-fba4-48fe-8c96-b5e006249b46",
              "isHook": false,
              "skipped": false
            },
            {
              "title": "LOGINTC005 - Submit Login Form with Enter Key",
              "fullTitle": "eTraining Login Tests LOGINTC005 - Submit Login Form with Enter Key",
              "timedOut": false,
              "duration": 4044,
              "state": "passed",
              "speed": "slow",
              "pass": true,
              "fail": false,
              "pending": false,
              "context": "{\n  \"title\": \"Screenshot\",\n  \"value\": \"..\\\\mochawesome-report\\\\screenshot\\\\login\\\\LOGINTC005_-_Submit_Login_Form_with_Enter_Key.png\"\n}",
              "code": "await driver.findElement(By.name('email_peserta')).sendKeys(process.env.EMAIL);\nawait driver.findElement(By.name('password')).sendKeys(process.env.PASSWORD, Key.RETURN);\nawait driver.sleep(3000);",
              "err": {},
              "uuid": "8bca4862-2c94-46e3-a135-00df1bf5c14a",
              "parentUUID": "430a4fae-fba4-48fe-8c96-b5e006249b46",
              "isHook": false,
              "skipped": false
            }
          ],
          "suites": [],
          "passes": [
            "ac50c5b8-aa6d-4764-a3f2-a89cd73a75d7",
            "3e8a4470-4299-48d2-b505-e7a3087462ce",
            "69981ebc-b223-40d9-806d-e946f0510268",
            "95d37ac2-451a-41e0-a6a1-4811ee4f7a80",
            "8bca4862-2c94-46e3-a135-00df1bf5c14a"
          ],
          "failures": [],
          "pending": [],
          "skipped": [],
          "duration": 32215,
          "root": false,
          "rootEmpty": false,
          "_timeout": 80000
        },
        {
          "uuid": "64f4e043-6423-48a7-b4b8-ff0e77067bac",
          "title": "eTraining Register Tests",
          "fullFile": "C:\\Users\\nurka\\Documents\\TAA\\TA e-training\\testing\\register.js",
          "file": "\\testing\\register.js",
          "beforeHooks": [
            {
              "title": "\"before each\" hook in \"eTraining Register Tests\"",
              "fullTitle": "eTraining Register Tests \"before each\" hook in \"eTraining Register Tests\"",
              "timedOut": false,
              "duration": 3607,
              "state": null,
              "speed": null,
              "pass": false,
              "fail": false,
              "pending": false,
              "context": null,
              "code": "driver = await new Builder().forBrowser('chrome').build();",
              "err": {},
              "uuid": "80b9de4a-a831-4879-88f4-e05faf9f64da",
              "parentUUID": "64f4e043-6423-48a7-b4b8-ff0e77067bac",
              "isHook": true,
              "skipped": false
            }
          ],
          "afterHooks": [
            {
              "title": "\"after each\" hook in \"eTraining Register Tests\"",
              "fullTitle": "eTraining Register Tests \"after each\" hook in \"eTraining Register Tests\"",
              "timedOut": false,
              "duration": 2251,
              "state": null,
              "speed": null,
              "pass": false,
              "fail": false,
              "pending": false,
              "context": null,
              "code": "if (driver) {\n    try {\n        const screenshotsDir = path.resolve(__dirname, '../mochawesome-report/screenshot/register');\n        fs.mkdirSync(screenshotsDir, { recursive: true });\n        const testTitle = this.currentTest.title.replace(/\\s+/g, '_');\n        const screenshotPath = path.join(screenshotsDir, `${testTitle}.png`);\n        const screenshot = await driver.takeScreenshot();\n        fs.writeFileSync(screenshotPath, screenshot, 'base64');\n        addContext(this, {\n            title: 'Screenshot',\n            value: `../screenshots/register/${testTitle}.png`\n        });\n        await driver.sleep(500);\n    } catch (err) {\n        console.error('Error taking screenshot:', err.message);\n    } finally {\n        await driver.quit();\n    }\n}",
              "err": {},
              "uuid": "9c7e73ba-98e8-401a-a721-214140ad8b7a",
              "parentUUID": "64f4e043-6423-48a7-b4b8-ff0e77067bac",
              "isHook": true,
              "skipped": false
            }
          ],
          "tests": [
            {
              "title": "REGISTERTC001 - Valid Data",
              "fullTitle": "eTraining Register Tests REGISTERTC001 - Valid Data",
              "timedOut": false,
              "duration": 21761,
              "state": "passed",
              "speed": "slow",
              "pass": true,
              "fail": false,
              "pending": false,
              "context": "{\n  \"title\": \"Screenshot\",\n  \"value\": \"../screenshots/register/REGISTERTC001_-_Valid_Data.png\"\n}",
              "code": "await driver.get(\"https://training.qiteplanguage.org/register\");\n// Account\nawait driver.findElement(By.name(\"email_peserta\")).sendKeys(\"testingeva01@gmail.com\");\nawait driver.findElement(By.name(\"password\")).sendKeys(\"Tesselenium123_\");\nawait driver.findElement(By.name(\"repassword\")).sendKeys(\"Tesselenium123_\");\nawait driver.findElement(By.name(\"tlp_peserta\")).sendKeys(\"088851531512\");\nawait driver.findElement(By.id(\"agrement\")).click();\nawait driver.sleep(500);\n// Klik tombol Next Step\nconst btnSave1 = await driver.wait(until.elementLocated(By.id(\"btnSave\")), 10000);\nawait driver.wait(until.elementIsVisible(btnSave1), 7000);\nawait driver.executeScript(\"arguments[0].scrollIntoView(true);\", btnSave1);\nawait btnSave1.click();\n    \n// Personal Step\nconst namaInput = await driver.wait(until.elementLocated(By.name(\"nama_peserta\")), 10000);\nawait driver.wait(until.elementIsVisible(namaInput), 5000);\nawait namaInput.sendKeys(\"Tes Selenium Eva\");\nconst genderSelect = new Select(await driver.findElement(By.name(\"jenis_kelamin_peserta\")));\nawait genderSelect.selectByValue(\"2\"); // Female\nawait driver.findElement(By.name(\"tanggal_lahir_peserta\")).sendKeys(\"1999\");\nconst profesiSelect = new Select(await driver.findElement(By.name(\"id_profesi\")));\nawait profesiSelect.selectByValue(\"3\"); // College Student\nconst bahasaSelect = new Select(await driver.findElement(By.name(\"id_bahasa\")));\nawait bahasaSelect.selectByValue(\"6\"); // Indonesian\nawait driver.findElement(By.name(\"alamat_peserta\")).sendKeys(\"Jalan Belimbing No.55\");\n// Pilih Negara\nconst negaraSelect = new Select(await driver.findElement(By.name(\"kode_negara\")));\nawait negaraSelect.selectByValue(\"ID\"); // Indonesia\n// Pilih Provinsi\nconst provinsiDropdown = await driver.wait(async () => {\nconst options = await driver.executeScript(\n    \"return Array.from(document.querySelectorAll('select[name=\\\"id_provinsi\\\"] option')).map(o => o.textContent);\"\n);\nconsole.log(\"Daftar Opsi Provinsi:\", options);\nreturn options.length > 1; \n}, 10000);\nconst provinsiSelect = new Select(await driver.findElement(By.name(\"id_provinsi\")));\nawait provinsiSelect.selectByVisibleText(\"West Java\");\n// Pilih Kota\nconst kotaDropdown = await driver.wait(async () => {\nconst options = await driver.executeScript(\n    \"return Array.from(document.querySelectorAll('select[name=\\\"id_kota\\\"] option')).map(o => o.textContent);\"\n);\nconsole.log(\"Daftar Opsi Kota:\", options);\nreturn options.length > 1; \n}, 10000);\nconst kotaSelect = new Select(await driver.findElement(By.name(\"id_kota\")));\nawait kotaSelect.selectByVisibleText(\"Depok\");\n// Klik tombol Next Step\nconst nextStep = await driver.findElement(By.xpath(\"(//a[@name='next'])[2]\")); \nawait driver.executeScript(\"arguments[0].scrollIntoView(true);\", nextStep); \nawait nextStep.click();\n// Institution\nawait driver.findElement(By.name(\"nama_institusi_peserta\")).sendKeys(\"STT Nurul Fikri\");\nawait driver.findElement(By.name(\"status_institusi_peserta\")).sendKeys(\"Government\");\n// Klik tombol Next Step setelah institusi (step ke-3)\nconst allNextButtons = await driver.findElements(By.xpath(\"//a[@name='next' and contains(@class, 'next')]\"));\nconst step3Button = allNextButtons[2]; \nawait driver.executeScript(\"arguments[0].scrollIntoView({block: 'center'});\", step3Button);\nawait driver.executeScript(\"arguments[0].click();\", step3Button);\n\n       // Klik checkbox persetujuan\nconst agreementCheckbox = await driver.findElement(By.id(\"agrement2\"));\nawait driver.executeScript(\"arguments[0].scrollIntoView(true);\", agreementCheckbox);\nawait agreementCheckbox.click();\nawait driver.wait(async () => {\n    const btnRegister = await driver.findElement(By.id(\"btnSave2\"));\n    const isDisabled = await btnRegister.getAttribute(\"disabled\");\n    return isDisabled === null;\n}, 5000);\n// Klik tombol Register\nconst btnRegister = await driver.findElement(By.id(\"btnSave2\"));\nawait driver.executeScript(\"arguments[0].scrollIntoView(true);\", btnRegister);\nawait btnRegister.click();",
              "err": {},
              "uuid": "b5c29504-bd11-45f3-b50a-da151221da33",
              "parentUUID": "64f4e043-6423-48a7-b4b8-ff0e77067bac",
              "isHook": false,
              "skipped": false
            },
            {
              "title": "REGISTERTC002 - Empty Fields",
              "fullTitle": "eTraining Register Tests REGISTERTC002 - Empty Fields",
              "timedOut": false,
              "duration": 6493,
              "state": "passed",
              "speed": "slow",
              "pass": true,
              "fail": false,
              "pending": false,
              "context": "{\n  \"title\": \"Screenshot\",\n  \"value\": \"../screenshots/register/REGISTERTC002_-_Empty_Fields.png\"\n}",
              "code": "await driver.get(\"https://training.qiteplanguage.org/register\");\nconst btnSave1 = await driver.wait(until.elementLocated(By.id(\"btnSave\")), 10000);\n    await driver.wait(until.elementIsVisible(btnSave1), 7000);\n    await driver.executeScript(\"arguments[0].scrollIntoView(true);\", btnSave1);\n    await btnSave1.click();\n    await driver.sleep(5000);",
              "err": {},
              "uuid": "3fbf6168-3ed3-44ea-99ff-67dc99a827bd",
              "parentUUID": "64f4e043-6423-48a7-b4b8-ff0e77067bac",
              "isHook": false,
              "skipped": false
            },
            {
              "title": "REGISTERTC003 - Weak Password",
              "fullTitle": "eTraining Register Tests REGISTERTC003 - Weak Password",
              "timedOut": false,
              "duration": 13066,
              "state": "passed",
              "speed": "slow",
              "pass": true,
              "fail": false,
              "pending": false,
              "context": "{\n  \"title\": \"Screenshot\",\n  \"value\": \"../screenshots/register/REGISTERTC003_-_Weak_Password.png\"\n}",
              "code": "await driver.get(\"https://training.qiteplanguage.org/register\");\n // Account\nawait driver.findElement(By.name(\"email_peserta\")).sendKeys(\"seleniumeva@gmail.com\");\nawait driver.findElement(By.name(\"password\")).sendKeys(\"tesselenium123\");\nawait driver.findElement(By.name(\"repassword\")).sendKeys(\"tesselenium123\");\nawait driver.findElement(By.name(\"tlp_peserta\")).sendKeys(\"081931531497\");\nawait driver.findElement(By.id(\"agrement\")).click();\n// Klik tombol Next Step\nconst btnSave1 = await driver.wait(until.elementLocated(By.id(\"btnSave\")), 10000);\nawait driver.wait(until.elementIsVisible(btnSave1), 7000);\nawait driver.executeScript(\"arguments[0].scrollIntoView(true);\", btnSave1);\nawait btnSave1.click();\nawait driver.sleep(7000);",
              "err": {},
              "uuid": "8ed123a8-eaf2-45dd-a920-3ef83e3f4ad9",
              "parentUUID": "64f4e043-6423-48a7-b4b8-ff0e77067bac",
              "isHook": false,
              "skipped": false
            },
            {
              "title": "REGISTERTC004 - Email Already Used",
              "fullTitle": "eTraining Register Tests REGISTERTC004 - Email Already Used",
              "timedOut": false,
              "duration": 11851,
              "state": "passed",
              "speed": "slow",
              "pass": true,
              "fail": false,
              "pending": false,
              "context": "{\n  \"title\": \"Screenshot\",\n  \"value\": \"../screenshots/register/REGISTERTC004_-_Email_Already_Used.png\"\n}",
              "code": "await driver.get(\"https://training.qiteplanguage.org/register\");\n//Account\nawait driver.findElement(By.name(\"email_peserta\")).sendKeys(\"peoplepeople953@gmail.com\");\nawait driver.findElement(By.name(\"password\")).sendKeys(\"Tesselenium123_\");\nawait driver.findElement(By.name(\"repassword\")).sendKeys(\"Tesselenium123_\");\nawait driver.findElement(By.name(\"tlp_peserta\")).sendKeys(\"085781531494\");\nawait driver.findElement(By.id(\"agrement\")).click();\n// Klik tombol Next Step\nconst btnSave1 = await driver.wait(until.elementLocated(By.id(\"btnSave\")), 10000);\nawait driver.wait(until.elementIsVisible(btnSave1), 7000);\nawait driver.executeScript(\"arguments[0].scrollIntoView(true);\", btnSave1);\nawait btnSave1.click();\nawait driver.sleep(7000);",
              "err": {},
              "uuid": "01edfe89-b190-4089-8274-3445e9dd6eca",
              "parentUUID": "64f4e043-6423-48a7-b4b8-ff0e77067bac",
              "isHook": false,
              "skipped": false
            },
            {
              "title": "REGISTERTC005 - Same Name",
              "fullTitle": "eTraining Register Tests REGISTERTC005 - Same Name",
              "timedOut": false,
              "duration": 25731,
              "state": "passed",
              "speed": "slow",
              "pass": true,
              "fail": false,
              "pending": false,
              "context": "{\n  \"title\": \"Screenshot\",\n  \"value\": \"../screenshots/register/REGISTERTC005_-_Same_Name.png\"\n}",
              "code": "await driver.get(\"https://training.qiteplanguage.org/register\");\n // Account\nawait driver.findElement(By.name(\"email_peserta\")).sendKeys(\"testingselenium02@gmail.com\");\nawait driver.findElement(By.name(\"password\")).sendKeys(\"Tesselenium123_\");\nawait driver.findElement(By.name(\"repassword\")).sendKeys(\"Tesselenium123_\");\nawait driver.findElement(By.name(\"tlp_peserta\")).sendKeys(\"083537831234\");\nawait driver.findElement(By.id(\"agrement\")).click();\n// Klik tombol Next Step\nconst btnSave1 = await driver.wait(until.elementLocated(By.id(\"btnSave\")), 10000);\nawait driver.wait(until.elementIsVisible(btnSave1), 7000);\nawait driver.executeScript(\"arguments[0].scrollIntoView(true);\", btnSave1);\nawait btnSave1.click();\nawait driver.sleep(7000);\n//Personal Data\nconst namaInput = await driver.wait(until.elementLocated(By.name(\"nama_peserta\")), 10000);\nawait driver.wait(until.elementIsVisible(namaInput), 5000);\nawait namaInput.sendKeys(\"Tes Selenium Eva\");\nconst genderSelect = new Select(await driver.findElement(By.name(\"jenis_kelamin_peserta\")));\nawait genderSelect.selectByValue(\"2\"); // Female\nawait driver.findElement(By.name(\"tanggal_lahir_peserta\")).sendKeys(\"2000\");\nconst profesiSelect = new Select(await driver.findElement(By.name(\"id_profesi\")));\nawait profesiSelect.selectByValue(\"3\"); // College Student\nconst bahasaSelect = new Select(await driver.findElement(By.name(\"id_bahasa\")));\nawait bahasaSelect.selectByValue(\"6\"); // Indonesian\nawait driver.findElement(By.name(\"alamat_peserta\")).sendKeys(\"Jalan Pepaya No.3A\");\n// Pilih Negara\nconst negaraSelect = new Select(await driver.findElement(By.name(\"kode_negara\")));\nawait negaraSelect.selectByValue(\"ID\"); // Indonesia\n// Pilih Provinsi\nconst provinsiDropdown = await driver.wait(async () => {\nconst options = await driver.executeScript(\n    \"return Array.from(document.querySelectorAll('select[name=\\\"id_provinsi\\\"] option')).map(o => o.textContent);\"\n);\nconsole.log(\"Daftar Opsi Provinsi:\", options);\nreturn options.length > 1; \n}, 10000);\nconst provinsiSelect = new Select(await driver.findElement(By.name(\"id_provinsi\")));\nawait provinsiSelect.selectByVisibleText(\"Jakarta\");\n// Pilih Kota\nconst kotaDropdown = await driver.wait(async () => {\nconst options = await driver.executeScript(\n    \"return Array.from(document.querySelectorAll('select[name=\\\"id_kota\\\"] option')).map(o => o.textContent);\"\n);\nconsole.log(\"Daftar Opsi Kota:\", options);\nreturn options.length > 1; \n}, 10000);\nconst kotaSelect = new Select(await driver.findElement(By.name(\"id_kota\")));\nawait kotaSelect.selectByVisibleText(\"Kota Administrasi Jakarta Selatan\");\n// Klik tombol Next Step\nconst nextStep = await driver.findElement(By.xpath(\"(//a[@name='next'])[2]\")); \nawait driver.executeScript(\"arguments[0].scrollIntoView(true);\", nextStep); \nawait nextStep.click();\n// Institution\nawait driver.findElement(By.name(\"nama_institusi_peserta\")).sendKeys(\"STT Nurul Fikri\");\nawait driver.findElement(By.name(\"status_institusi_peserta\")).sendKeys(\"Government\");\n// Klik tombol Next Step setelah institusi (step ke-3)\nconst allNextButtons = await driver.findElements(By.xpath(\"//a[@name='next' and contains(@class, 'next')]\"));\nconst step3Button = allNextButtons[2]; \nawait driver.executeScript(\"arguments[0].scrollIntoView({block: 'center'});\", step3Button);\nawait driver.executeScript(\"arguments[0].click();\", step3Button);\n\n       // Klik checkbox persetujuan\nconst agreementCheckbox = await driver.findElement(By.id(\"agrement2\"));\nawait driver.executeScript(\"arguments[0].scrollIntoView(true);\", agreementCheckbox);\nawait agreementCheckbox.click();\nawait driver.wait(async () => {\n    const btnRegister = await driver.findElement(By.id(\"btnSave2\"));\n    const isDisabled = await btnRegister.getAttribute(\"disabled\");\n    return isDisabled === null;\n}, 5000);\n// Klik tombol Register\nconst btnRegister = await driver.findElement(By.id(\"btnSave2\"));\nawait driver.executeScript(\"arguments[0].scrollIntoView(true);\", btnRegister);\nawait btnRegister.click();",
              "err": {},
              "uuid": "b7543e54-39c9-4b84-aa3c-5e370846fd10",
              "parentUUID": "64f4e043-6423-48a7-b4b8-ff0e77067bac",
              "isHook": false,
              "skipped": false
            }
          ],
          "suites": [],
          "passes": [
            "b5c29504-bd11-45f3-b50a-da151221da33",
            "3fbf6168-3ed3-44ea-99ff-67dc99a827bd",
            "8ed123a8-eaf2-45dd-a920-3ef83e3f4ad9",
            "01edfe89-b190-4089-8274-3445e9dd6eca",
            "b7543e54-39c9-4b84-aa3c-5e370846fd10"
          ],
          "failures": [],
          "pending": [],
          "skipped": [],
          "duration": 78902,
          "root": false,
          "rootEmpty": false,
          "_timeout": 80000
        }
      ],
      "passes": [],
      "failures": [],
      "pending": [],
      "skipped": [],
      "duration": 0,
      "root": true,
      "rootEmpty": true,
      "_timeout": 2000
    }
  ],
  "meta": {
    "mocha": {
      "version": "11.1.0"
    },
    "mochawesome": {
      "options": {
        "quiet": false,
        "reportFilename": "mochawesome",
        "saveHtml": true,
        "saveJson": true,
        "consoleReporter": "spec",
        "useInlineDiffs": false,
        "code": true
      },
      "version": "7.1.3"
    },
    "marge": {
      "options": null,
      "version": "6.2.0"
    }
  }
}